2015-07-20 14:07:40 INFO  View:262 - application runing
2015-07-20 14:07:43 INFO  View:254 - table update!
2015-07-20 14:07:52 INFO  View:254 - table update!
2015-07-20 14:15:33 INFO  View:262 - application runing
2015-07-20 14:15:34 INFO  View:254 - table update!
2015-07-20 14:15:43 INFO  View:254 - table update!
2015-07-20 14:15:53 INFO  View:254 - table update!
2015-07-20 14:16:03 INFO  View:254 - table update!
2015-07-20 14:16:13 INFO  View:254 - table update!
2015-07-20 14:16:23 INFO  View:254 - table update!
2015-07-20 14:16:33 INFO  View:254 - table update!
2015-07-20 14:16:43 INFO  View:254 - table update!
2015-07-20 14:16:53 INFO  View:254 - table update!
2015-07-20 14:17:03 INFO  View:254 - table update!
2015-07-20 14:17:13 INFO  View:254 - table update!
2015-07-20 14:17:23 INFO  View:254 - table update!
2015-07-20 14:17:33 INFO  View:254 - table update!
2015-07-20 14:17:43 INFO  View:254 - table update!
2015-07-20 14:17:53 INFO  View:254 - table update!
2015-07-20 14:18:03 INFO  View:254 - table update!
2015-07-20 14:18:13 INFO  View:254 - table update!
2015-07-20 14:18:23 INFO  View:254 - table update!
2015-07-20 14:18:33 INFO  View:254 - table update!
2015-07-20 14:18:43 INFO  View:254 - table update!
2015-07-20 14:18:53 INFO  View:213 - the user pressed on clear
2015-07-20 14:18:53 INFO  View:254 - table update!
2015-07-20 14:19:00 INFO  View:213 - the user pressed on clear
2015-07-20 14:19:03 INFO  View:254 - table update!
2015-07-20 14:19:13 INFO  View:254 - table update!
2015-07-20 14:19:23 INFO  View:232 - The user convert 885 CHF to ILS.
2015-07-20 14:19:23 INFO  View:254 - table update!
2015-07-20 14:19:33 INFO  View:254 - table update!
2015-07-20 14:19:34 INFO  View:232 - The user convert 3000 ILS to CAD.
2015-07-20 14:19:43 INFO  View:232 - The user convert 3000e4 AUD to CAD.
2015-07-20 14:19:43 INFO  View:254 - table update!
2015-07-20 14:19:50 ERROR View:235 - illegal input
2015-07-20 14:19:53 INFO  View:254 - table update!
2015-07-20 14:19:55 ERROR View:235 - illegal input
2015-07-20 14:20:00 ERROR View:235 - illegal input
2015-07-20 14:20:03 INFO  View:254 - table update!
2015-07-20 14:20:05 ERROR View:235 - illegal input
2015-07-20 14:20:10 ERROR View:235 - illegal input
2015-07-20 14:20:12 INFO  View:213 - the user pressed on clear
2015-07-20 14:20:13 INFO  View:254 - table update!
2015-07-20 14:20:17 ERROR View:235 - illegal input
2015-07-20 14:20:23 INFO  View:254 - table update!
2015-07-20 14:43:12 INFO  View:262 - application runing
2015-07-20 14:43:13 INFO  View:254 - table update!
2015-07-20 14:43:21 INFO  View:262 - application runing
2015-07-20 14:43:22 INFO  View:254 - table update!
2015-07-20 14:43:31 INFO  View:232 - The user convert 20 ILS to USD.
2015-07-20 14:43:32 INFO  View:254 - table update!
